app/build/intermediates/manifest_merge_blame_file/debug/processDebugMainManifest/manifest-merger-blame-debug-report.txt
1<?xml version="1.0" encoding="utf-8"?>
2<manifest xmlns:android="http://schemas.android.com/apk/res/android"
3    package="com.example.ai36"
4    android:versionCode="1"
5    android:versionName="1.0" >
6
7    <uses-sdk
8        android:minSdkVersion="27"
9        android:targetSdkVersion="35" />
10
11    <uses-permission android:name="android.permission.INTERNET" />
11-->src\main\AndroidManifest.xml:5:5-67
11-->src\main\AndroidManifest.xml:5:22-64
12    <uses-permission android:name="android.permission.READ_MEDIA_IMAGES" />
12-->src\main\AndroidManifest.xml:6:5-76
12-->src\main\AndroidManifest.xml:6:22-73
13    <uses-permission android:name="android.permission.ACCESS_NETWORK_STATE" />
13-->[com.google.firebase:firebase-auth:22.3.1] AndroidManifest.xml:26:5-79
13-->[com.google.firebase:firebase-auth:22.3.1] AndroidManifest.xml:26:22-76
14    <uses-permission android:name="com.google.android.providers.gsf.permission.READ_GSERVICES" />
14-->[com.google.android.recaptcha:recaptcha:18.4.0] AndroidManifest.xml:9:5-98
14-->[com.google.android.recaptcha:recaptcha:18.4.0] AndroidManifest.xml:9:22-95
15    <uses-permission android:name="android.permission.WAKE_LOCK" />
15-->[com.evernote:android-job:1.4.2] AndroidManifest.xml:12:5-68
15-->[com.evernote:android-job:1.4.2] AndroidManifest.xml:12:22-65
16    <uses-permission android:name="android.permission.RECEIVE_BOOT_COMPLETED" />
16-->[com.evernote:android-job:1.4.2] AndroidManifest.xml:14:5-81
16-->[com.evernote:android-job:1.4.2] AndroidManifest.xml:14:22-78
17
18    <permission
18-->[androidx.core:core:1.13.0] AndroidManifest.xml:22:5-24:47
19        android:name="com.example.ai36.DYNAMIC_RECEIVER_NOT_EXPORTED_PERMISSION"
19-->[androidx.core:core:1.13.0] AndroidManifest.xml:23:9-81
20        android:protectionLevel="signature" />
20-->[androidx.core:core:1.13.0] AndroidManifest.xml:24:9-44
21
22    <uses-permission android:name="com.example.ai36.DYNAMIC_RECEIVER_NOT_EXPORTED_PERMISSION" />
22-->[androidx.core:core:1.13.0] AndroidManifest.xml:26:5-97
22-->[androidx.core:core:1.13.0] AndroidManifest.xml:26:22-94
23
24    <application
24-->src\main\AndroidManifest.xml:8:5-117:19
25        android:allowBackup="true"
25-->src\main\AndroidManifest.xml:9:9-35
26        android:appComponentFactory="androidx.core.app.CoreComponentFactory"
26-->[androidx.core:core:1.13.0] AndroidManifest.xml:28:18-86
27        android:dataExtractionRules="@xml/data_extraction_rules"
27-->src\main\AndroidManifest.xml:10:9-65
28        android:debuggable="true"
29        android:extractNativeLibs="false"
30        android:fullBackupContent="@xml/backup_rules"
30-->src\main\AndroidManifest.xml:11:9-54
31        android:icon="@mipmap/ic_launcher"
31-->src\main\AndroidManifest.xml:12:9-43
32        android:label="@string/app_name"
32-->src\main\AndroidManifest.xml:13:9-41
33        android:roundIcon="@mipmap/ic_launcher_round"
33-->src\main\AndroidManifest.xml:14:9-54
34        android:supportsRtl="true"
34-->src\main\AndroidManifest.xml:15:9-35
35        android:testOnly="true"
36        android:theme="@style/Theme.AI36" >
36-->src\main\AndroidManifest.xml:16:9-42
37        <activity
37-->src\main\AndroidManifest.xml:19:9-29:20
38            android:name="com.example.ai36.view.ForgetPasswordActivity"
38-->src\main\AndroidManifest.xml:20:13-56
39            android:exported="true"
39-->src\main\AndroidManifest.xml:21:13-36
40            android:label="@string/title_activity_forget_password"
40-->src\main\AndroidManifest.xml:22:13-67
41            android:theme="@style/Theme.AI36" >
41-->src\main\AndroidManifest.xml:23:13-46
42            <intent-filter>
42-->src\main\AndroidManifest.xml:24:13-28:29
43                <action android:name="android.intent.action.MAIN" />
43-->src\main\AndroidManifest.xml:25:17-69
43-->src\main\AndroidManifest.xml:25:25-66
44
45                <category android:name="android.intent.category.LAUNCHER" />
45-->src\main\AndroidManifest.xml:27:17-77
45-->src\main\AndroidManifest.xml:27:27-74
46            </intent-filter>
47        </activity>
48        <!-- Launcher Activity -->
49        <activity
49-->src\main\AndroidManifest.xml:31:9-41:20
50            android:name="com.example.ai36.view.SplashActivity"
50-->src\main\AndroidManifest.xml:32:13-48
51            android:exported="true"
51-->src\main\AndroidManifest.xml:33:13-36
52            android:label="@string/title_activity_splash"
52-->src\main\AndroidManifest.xml:34:13-58
53            android:theme="@style/Theme.AI36" >
53-->src\main\AndroidManifest.xml:35:13-46
54            <intent-filter>
54-->src\main\AndroidManifest.xml:24:13-28:29
55                <action android:name="android.intent.action.MAIN" />
55-->src\main\AndroidManifest.xml:25:17-69
55-->src\main\AndroidManifest.xml:25:25-66
56
57                <category android:name="android.intent.category.LAUNCHER" />
57-->src\main\AndroidManifest.xml:27:17-77
57-->src\main\AndroidManifest.xml:27:27-74
58            </intent-filter>
59        </activity> <!-- Other Activities (no launcher intent-filters) -->
60        <activity
60-->src\main\AndroidManifest.xml:42:9-46:49
61            android:name="com.example.ai36.view.LoginActivity"
61-->src\main\AndroidManifest.xml:43:13-47
62            android:exported="true"
62-->src\main\AndroidManifest.xml:44:13-36
63            android:label="@string/title_activity_login"
63-->src\main\AndroidManifest.xml:45:13-57
64            android:theme="@style/Theme.AI36" />
64-->src\main\AndroidManifest.xml:46:13-46
65        <activity
65-->src\main\AndroidManifest.xml:47:9-51:49
66            android:name="com.example.ai36.view.UserDashboardActivity"
66-->src\main\AndroidManifest.xml:48:13-55
67            android:exported="true"
67-->src\main\AndroidManifest.xml:49:13-36
68            android:label="@string/title_activity_user_dashboard"
68-->src\main\AndroidManifest.xml:50:13-66
69            android:theme="@style/Theme.AI36" />
69-->src\main\AndroidManifest.xml:51:13-46
70        <activity
70-->src\main\AndroidManifest.xml:52:9-56:49
71            android:name="com.example.ai36.view.AddressActivity"
71-->src\main\AndroidManifest.xml:53:13-49
72            android:exported="true"
72-->src\main\AndroidManifest.xml:54:13-36
73            android:label="@string/title_activity_address"
73-->src\main\AndroidManifest.xml:55:13-59
74            android:theme="@style/Theme.AI36" />
74-->src\main\AndroidManifest.xml:56:13-46
75        <activity
75-->src\main\AndroidManifest.xml:57:9-61:49
76            android:name="com.example.ai36.view.EditProfileActivity"
76-->src\main\AndroidManifest.xml:58:13-53
77            android:exported="true"
77-->src\main\AndroidManifest.xml:59:13-36
78            android:label="@string/title_activity_edit_profile"
78-->src\main\AndroidManifest.xml:60:13-64
79            android:theme="@style/Theme.AI36" />
79-->src\main\AndroidManifest.xml:61:13-46
80        <activity
80-->src\main\AndroidManifest.xml:62:9-66:49
81            android:name="com.example.ai36.view.CartActivity"
81-->src\main\AndroidManifest.xml:63:13-46
82            android:exported="true"
82-->src\main\AndroidManifest.xml:64:13-36
83            android:label="@string/title_activity_cart"
83-->src\main\AndroidManifest.xml:65:13-56
84            android:theme="@style/Theme.AI36" />
84-->src\main\AndroidManifest.xml:66:13-46
85        <activity
85-->src\main\AndroidManifest.xml:67:9-71:49
86            android:name="com.example.ai36.view.WishlistActivity"
86-->src\main\AndroidManifest.xml:68:13-50
87            android:exported="true"
87-->src\main\AndroidManifest.xml:69:13-36
88            android:label="@string/title_activity_wishlist"
88-->src\main\AndroidManifest.xml:70:13-60
89            android:theme="@style/Theme.AI36" />
89-->src\main\AndroidManifest.xml:71:13-46
90        <activity
90-->src\main\AndroidManifest.xml:72:9-76:49
91            android:name="com.example.ai36.view.OrderActivity"
91-->src\main\AndroidManifest.xml:73:13-47
92            android:exported="true"
92-->src\main\AndroidManifest.xml:74:13-36
93            android:label="@string/title_activity_order"
93-->src\main\AndroidManifest.xml:75:13-57
94            android:theme="@style/Theme.AI36" />
94-->src\main\AndroidManifest.xml:76:13-46
95        <activity
95-->src\main\AndroidManifest.xml:77:9-81:49
96            android:name="com.example.ai36.view.UpdateProductActivity"
96-->src\main\AndroidManifest.xml:78:13-55
97            android:exported="true"
97-->src\main\AndroidManifest.xml:79:13-36
98            android:label="@string/title_activity_update_product"
98-->src\main\AndroidManifest.xml:80:13-66
99            android:theme="@style/Theme.AI36" />
99-->src\main\AndroidManifest.xml:81:13-46
100        <activity
100-->src\main\AndroidManifest.xml:82:9-86:49
101            android:name="com.example.ai36.view.AddProductActivity"
101-->src\main\AndroidManifest.xml:83:13-52
102            android:exported="true"
102-->src\main\AndroidManifest.xml:84:13-36
103            android:label="@string/title_activity_add_product"
103-->src\main\AndroidManifest.xml:85:13-63
104            android:theme="@style/Theme.AI36" />
104-->src\main\AndroidManifest.xml:86:13-46
105        <activity
105-->src\main\AndroidManifest.xml:87:9-91:49
106            android:name="com.example.ai36.view.NavigationActivity"
106-->src\main\AndroidManifest.xml:88:13-52
107            android:exported="true"
107-->src\main\AndroidManifest.xml:89:13-36
108            android:label="@string/title_activity_navigation"
108-->src\main\AndroidManifest.xml:90:13-62
109            android:theme="@style/Theme.AI36" />
109-->src\main\AndroidManifest.xml:91:13-46
110        <activity
110-->src\main\AndroidManifest.xml:92:9-96:49
111            android:name="com.example.ai36.view.ListViewActivity"
111-->src\main\AndroidManifest.xml:93:13-50
112            android:exported="true"
112-->src\main\AndroidManifest.xml:94:13-36
113            android:label="@string/title_activity_list_view"
113-->src\main\AndroidManifest.xml:95:13-61
114            android:theme="@style/Theme.AI36" />
114-->src\main\AndroidManifest.xml:96:13-46
115        <activity
115-->src\main\AndroidManifest.xml:97:9-101:49
116            android:name="com.example.ai36.view.RegistrationActivity"
116-->src\main\AndroidManifest.xml:98:13-54
117            android:exported="true"
117-->src\main\AndroidManifest.xml:99:13-36
118            android:label="@string/title_activity_registration"
118-->src\main\AndroidManifest.xml:100:13-64
119            android:theme="@style/Theme.AI36" />
119-->src\main\AndroidManifest.xml:101:13-46
120        <activity
120-->src\main\AndroidManifest.xml:102:9-106:49
121            android:name="com.example.ai36.view.DashboardActivity"
121-->src\main\AndroidManifest.xml:103:13-51
122            android:exported="true"
122-->src\main\AndroidManifest.xml:104:13-36
123            android:label="@string/title_activity_dashboard"
123-->src\main\AndroidManifest.xml:105:13-61
124            android:theme="@style/Theme.AI36" />
124-->src\main\AndroidManifest.xml:106:13-46
125        <activity
125-->src\main\AndroidManifest.xml:107:9-111:49
126            android:name="com.example.ai36.view.ProfileActivity"
126-->src\main\AndroidManifest.xml:108:13-49
127            android:exported="true"
127-->src\main\AndroidManifest.xml:109:13-36
128            android:label="@string/title_activity_profile"
128-->src\main\AndroidManifest.xml:110:13-59
129            android:theme="@style/Theme.AI36" />
129-->src\main\AndroidManifest.xml:111:13-46
130        <activity
130-->src\main\AndroidManifest.xml:112:9-116:49
131            android:name="com.example.ai36.view.MainActivity"
131-->src\main\AndroidManifest.xml:113:13-46
132            android:exported="true"
132-->src\main\AndroidManifest.xml:114:13-36
133            android:label="@string/app_name"
133-->src\main\AndroidManifest.xml:115:13-45
134            android:theme="@style/Theme.AI36" />
134-->src\main\AndroidManifest.xml:116:13-46
135        <activity
135-->[com.cloudinary:cloudinary-android-ui:2.1.0] AndroidManifest.xml:10:9-13:56
136            android:name="com.cloudinary.android.uploadwidget.ui.UploadWidgetActivity"
136-->[com.cloudinary:cloudinary-android-ui:2.1.0] AndroidManifest.xml:11:13-87
137            android:configChanges="orientation"
137-->[com.cloudinary:cloudinary-android-ui:2.1.0] AndroidManifest.xml:12:13-48
138            android:theme="@style/UploadWidgetTheme" />
138-->[com.cloudinary:cloudinary-android-ui:2.1.0] AndroidManifest.xml:13:13-53
139        <activity
139-->[androidx.compose.ui:ui-tooling-android:1.6.6] AndroidManifest.xml:23:9-25:39
140            android:name="androidx.compose.ui.tooling.PreviewActivity"
140-->[androidx.compose.ui:ui-tooling-android:1.6.6] AndroidManifest.xml:24:13-71
141            android:exported="true" />
141-->[androidx.compose.ui:ui-tooling-android:1.6.6] AndroidManifest.xml:25:13-36
142        <activity
142-->[androidx.compose.ui:ui-test-manifest:1.6.6] AndroidManifest.xml:23:9-25:39
143            android:name="androidx.activity.ComponentActivity"
143-->[androidx.compose.ui:ui-test-manifest:1.6.6] AndroidManifest.xml:24:13-63
144            android:exported="true" />
144-->[androidx.compose.ui:ui-test-manifest:1.6.6] AndroidManifest.xml:25:13-36
145
146        <service
146-->[com.google.firebase:firebase-auth-ktx:22.3.1] AndroidManifest.xml:8:9-14:19
147            android:name="com.google.firebase.components.ComponentDiscoveryService"
147-->[com.google.firebase:firebase-auth-ktx:22.3.1] AndroidManifest.xml:9:13-84
148            android:directBootAware="true"
148-->[com.google.firebase:firebase-common:20.4.2] AndroidManifest.xml:32:13-43
149            android:exported="false" >
149-->[com.google.firebase:firebase-auth-ktx:22.3.1] AndroidManifest.xml:10:13-37
150            <meta-data
150-->[com.google.firebase:firebase-auth-ktx:22.3.1] AndroidManifest.xml:11:13-13:85
151                android:name="com.google.firebase.components:com.google.firebase.auth.ktx.FirebaseAuthLegacyRegistrar"
151-->[com.google.firebase:firebase-auth-ktx:22.3.1] AndroidManifest.xml:12:17-119
152                android:value="com.google.firebase.components.ComponentRegistrar" />
152-->[com.google.firebase:firebase-auth-ktx:22.3.1] AndroidManifest.xml:13:17-82
153            <meta-data
153-->[com.google.firebase:firebase-auth:22.3.1] AndroidManifest.xml:69:13-71:85
154                android:name="com.google.firebase.components:com.google.firebase.auth.FirebaseAuthRegistrar"
154-->[com.google.firebase:firebase-auth:22.3.1] AndroidManifest.xml:70:17-109
155                android:value="com.google.firebase.components.ComponentRegistrar" />
155-->[com.google.firebase:firebase-auth:22.3.1] AndroidManifest.xml:71:17-82
156            <meta-data
156-->[com.google.firebase:firebase-database-ktx:20.3.0] AndroidManifest.xml:12:13-14:85
157                android:name="com.google.firebase.components:com.google.firebase.database.ktx.FirebaseDatabaseLegacyRegistrar"
157-->[com.google.firebase:firebase-database-ktx:20.3.0] AndroidManifest.xml:13:17-127
158                android:value="com.google.firebase.components.ComponentRegistrar" />
158-->[com.google.firebase:firebase-database-ktx:20.3.0] AndroidManifest.xml:14:17-82
159            <meta-data
159-->[com.google.firebase:firebase-firestore-ktx:24.10.2] AndroidManifest.xml:12:13-14:85
160                android:name="com.google.firebase.components:com.google.firebase.firestore.ktx.FirebaseFirestoreLegacyRegistrar"
160-->[com.google.firebase:firebase-firestore-ktx:24.10.2] AndroidManifest.xml:13:17-129
161                android:value="com.google.firebase.components.ComponentRegistrar" />
161-->[com.google.firebase:firebase-firestore-ktx:24.10.2] AndroidManifest.xml:14:17-82
162            <meta-data
162-->[com.google.firebase:firebase-database:20.3.0] AndroidManifest.xml:29:13-31:85
163                android:name="com.google.firebase.components:com.google.firebase.database.FirebaseDatabaseKtxRegistrar"
163-->[com.google.firebase:firebase-database:20.3.0] AndroidManifest.xml:30:17-120
164                android:value="com.google.firebase.components.ComponentRegistrar" />
164-->[com.google.firebase:firebase-database:20.3.0] AndroidManifest.xml:31:17-82
165            <meta-data
165-->[com.google.firebase:firebase-database:20.3.0] AndroidManifest.xml:32:13-34:85
166                android:name="com.google.firebase.components:com.google.firebase.database.DatabaseRegistrar"
166-->[com.google.firebase:firebase-database:20.3.0] AndroidManifest.xml:33:17-109
167                android:value="com.google.firebase.components.ComponentRegistrar" />
167-->[com.google.firebase:firebase-database:20.3.0] AndroidManifest.xml:34:17-82
168            <meta-data
168-->[com.google.firebase:firebase-firestore:24.10.2] AndroidManifest.xml:17:13-19:85
169                android:name="com.google.firebase.components:com.google.firebase.firestore.FirebaseFirestoreKtxRegistrar"
169-->[com.google.firebase:firebase-firestore:24.10.2] AndroidManifest.xml:18:17-122
170                android:value="com.google.firebase.components.ComponentRegistrar" />
170-->[com.google.firebase:firebase-firestore:24.10.2] AndroidManifest.xml:19:17-82
171            <meta-data
171-->[com.google.firebase:firebase-firestore:24.10.2] AndroidManifest.xml:20:13-22:85
172                android:name="com.google.firebase.components:com.google.firebase.firestore.FirestoreRegistrar"
172-->[com.google.firebase:firebase-firestore:24.10.2] AndroidManifest.xml:21:17-111
173                android:value="com.google.firebase.components.ComponentRegistrar" />
173-->[com.google.firebase:firebase-firestore:24.10.2] AndroidManifest.xml:22:17-82
174            <meta-data
174-->[com.google.firebase:firebase-common-ktx:20.4.2] AndroidManifest.xml:12:13-14:85
175                android:name="com.google.firebase.components:com.google.firebase.ktx.FirebaseCommonLegacyRegistrar"
175-->[com.google.firebase:firebase-common-ktx:20.4.2] AndroidManifest.xml:13:17-116
176                android:value="com.google.firebase.components.ComponentRegistrar" />
176-->[com.google.firebase:firebase-common-ktx:20.4.2] AndroidManifest.xml:14:17-82
177            <meta-data
177-->[com.google.firebase:firebase-common:20.4.2] AndroidManifest.xml:35:13-37:85
178                android:name="com.google.firebase.components:com.google.firebase.FirebaseCommonKtxRegistrar"
178-->[com.google.firebase:firebase-common:20.4.2] AndroidManifest.xml:36:17-109
179                android:value="com.google.firebase.components.ComponentRegistrar" />
179-->[com.google.firebase:firebase-common:20.4.2] AndroidManifest.xml:37:17-82
180        </service>
181
182        <activity
182-->[com.google.firebase:firebase-auth:22.3.1] AndroidManifest.xml:29:9-46:20
183            android:name="com.google.firebase.auth.internal.GenericIdpActivity"
183-->[com.google.firebase:firebase-auth:22.3.1] AndroidManifest.xml:30:13-80
184            android:excludeFromRecents="true"
184-->[com.google.firebase:firebase-auth:22.3.1] AndroidManifest.xml:31:13-46
185            android:exported="true"
185-->[com.google.firebase:firebase-auth:22.3.1] AndroidManifest.xml:32:13-36
186            android:launchMode="singleTask"
186-->[com.google.firebase:firebase-auth:22.3.1] AndroidManifest.xml:33:13-44
187            android:theme="@android:style/Theme.Translucent.NoTitleBar" >
187-->[com.google.firebase:firebase-auth:22.3.1] AndroidManifest.xml:34:13-72
188            <intent-filter>
188-->[com.google.firebase:firebase-auth:22.3.1] AndroidManifest.xml:35:13-45:29
189                <action android:name="android.intent.action.VIEW" />
189-->[com.google.firebase:firebase-auth:22.3.1] AndroidManifest.xml:36:17-69
189-->[com.google.firebase:firebase-auth:22.3.1] AndroidManifest.xml:36:25-66
190
191                <category android:name="android.intent.category.DEFAULT" />
191-->[com.google.firebase:firebase-auth:22.3.1] AndroidManifest.xml:38:17-76
191-->[com.google.firebase:firebase-auth:22.3.1] AndroidManifest.xml:38:27-73
192                <category android:name="android.intent.category.BROWSABLE" />
192-->[com.google.firebase:firebase-auth:22.3.1] AndroidManifest.xml:39:17-78
192-->[com.google.firebase:firebase-auth:22.3.1] AndroidManifest.xml:39:27-75
193
194                <data
194-->[com.google.firebase:firebase-auth:22.3.1] AndroidManifest.xml:41:17-44:51
195                    android:host="firebase.auth"
195-->[com.google.firebase:firebase-auth:22.3.1] AndroidManifest.xml:42:21-49
196                    android:path="/"
196-->[com.google.firebase:firebase-auth:22.3.1] AndroidManifest.xml:43:21-37
197                    android:scheme="genericidp" />
197-->[com.google.firebase:firebase-auth:22.3.1] AndroidManifest.xml:44:21-48
198            </intent-filter>
199        </activity>
200        <activity
200-->[com.google.firebase:firebase-auth:22.3.1] AndroidManifest.xml:47:9-64:20
201            android:name="com.google.firebase.auth.internal.RecaptchaActivity"
201-->[com.google.firebase:firebase-auth:22.3.1] AndroidManifest.xml:48:13-79
202            android:excludeFromRecents="true"
202-->[com.google.firebase:firebase-auth:22.3.1] AndroidManifest.xml:49:13-46
203            android:exported="true"
203-->[com.google.firebase:firebase-auth:22.3.1] AndroidManifest.xml:50:13-36
204            android:launchMode="singleTask"
204-->[com.google.firebase:firebase-auth:22.3.1] AndroidManifest.xml:51:13-44
205            android:theme="@android:style/Theme.Translucent.NoTitleBar" >
205-->[com.google.firebase:firebase-auth:22.3.1] AndroidManifest.xml:52:13-72
206            <intent-filter>
206-->[com.google.firebase:firebase-auth:22.3.1] AndroidManifest.xml:53:13-63:29
207                <action android:name="android.intent.action.VIEW" />
207-->[com.google.firebase:firebase-auth:22.3.1] AndroidManifest.xml:36:17-69
207-->[com.google.firebase:firebase-auth:22.3.1] AndroidManifest.xml:36:25-66
208
209                <category android:name="android.intent.category.DEFAULT" />
209-->[com.google.firebase:firebase-auth:22.3.1] AndroidManifest.xml:38:17-76
209-->[com.google.firebase:firebase-auth:22.3.1] AndroidManifest.xml:38:27-73
210                <category android:name="android.intent.category.BROWSABLE" />
210-->[com.google.firebase:firebase-auth:22.3.1] AndroidManifest.xml:39:17-78
210-->[com.google.firebase:firebase-auth:22.3.1] AndroidManifest.xml:39:27-75
211
212                <data
212-->[com.google.firebase:firebase-auth:22.3.1] AndroidManifest.xml:41:17-44:51
213                    android:host="firebase.auth"
213-->[com.google.firebase:firebase-auth:22.3.1] AndroidManifest.xml:42:21-49
214                    android:path="/"
214-->[com.google.firebase:firebase-auth:22.3.1] AndroidManifest.xml:43:21-37
215                    android:scheme="recaptcha" />
215-->[com.google.firebase:firebase-auth:22.3.1] AndroidManifest.xml:44:21-48
216            </intent-filter>
217        </activity>
218
219        <provider
219-->[com.google.firebase:firebase-common:20.4.2] AndroidManifest.xml:23:9-28:39
220            android:name="com.google.firebase.provider.FirebaseInitProvider"
220-->[com.google.firebase:firebase-common:20.4.2] AndroidManifest.xml:24:13-77
221            android:authorities="com.example.ai36.firebaseinitprovider"
221-->[com.google.firebase:firebase-common:20.4.2] AndroidManifest.xml:25:13-72
222            android:directBootAware="true"
222-->[com.google.firebase:firebase-common:20.4.2] AndroidManifest.xml:26:13-43
223            android:exported="false"
223-->[com.google.firebase:firebase-common:20.4.2] AndroidManifest.xml:27:13-37
224            android:initOrder="100" />
224-->[com.google.firebase:firebase-common:20.4.2] AndroidManifest.xml:28:13-36
225
226        <activity
226-->[com.google.android.gms:play-services-base:18.1.0] AndroidManifest.xml:20:9-22:45
227            android:name="com.google.android.gms.common.api.GoogleApiActivity"
227-->[com.google.android.gms:play-services-base:18.1.0] AndroidManifest.xml:20:19-85
228            android:exported="false"
228-->[com.google.android.gms:play-services-base:18.1.0] AndroidManifest.xml:22:19-43
229            android:theme="@android:style/Theme.Translucent.NoTitleBar" />
229-->[com.google.android.gms:play-services-base:18.1.0] AndroidManifest.xml:21:19-78
230
231        <provider
231-->[androidx.emoji2:emoji2:1.3.0] AndroidManifest.xml:24:9-32:20
232            android:name="androidx.startup.InitializationProvider"
232-->[androidx.emoji2:emoji2:1.3.0] AndroidManifest.xml:25:13-67
233            android:authorities="com.example.ai36.androidx-startup"
233-->[androidx.emoji2:emoji2:1.3.0] AndroidManifest.xml:26:13-68
234            android:exported="false" >
234-->[androidx.emoji2:emoji2:1.3.0] AndroidManifest.xml:27:13-37
235            <meta-data
235-->[androidx.emoji2:emoji2:1.3.0] AndroidManifest.xml:29:13-31:52
236                android:name="androidx.emoji2.text.EmojiCompatInitializer"
236-->[androidx.emoji2:emoji2:1.3.0] AndroidManifest.xml:30:17-75
237                android:value="androidx.startup" />
237-->[androidx.emoji2:emoji2:1.3.0] AndroidManifest.xml:31:17-49
238            <meta-data
238-->[androidx.lifecycle:lifecycle-process:2.8.7] AndroidManifest.xml:29:13-31:52
239                android:name="androidx.lifecycle.ProcessLifecycleInitializer"
239-->[androidx.lifecycle:lifecycle-process:2.8.7] AndroidManifest.xml:30:17-78
240                android:value="androidx.startup" />
240-->[androidx.lifecycle:lifecycle-process:2.8.7] AndroidManifest.xml:31:17-49
241            <meta-data
241-->[androidx.profileinstaller:profileinstaller:1.4.0] AndroidManifest.xml:29:13-31:52
242                android:name="androidx.profileinstaller.ProfileInstallerInitializer"
242-->[androidx.profileinstaller:profileinstaller:1.4.0] AndroidManifest.xml:30:17-85
243                android:value="androidx.startup" />
243-->[androidx.profileinstaller:profileinstaller:1.4.0] AndroidManifest.xml:31:17-49
244        </provider>
245
246        <service
246-->[com.evernote:android-job:1.4.2] AndroidManifest.xml:17:9-20:72
247            android:name="com.evernote.android.job.v21.PlatformJobService"
247-->[com.evernote:android-job:1.4.2] AndroidManifest.xml:18:13-75
248            android:exported="false"
248-->[com.evernote:android-job:1.4.2] AndroidManifest.xml:19:13-37
249            android:permission="android.permission.BIND_JOB_SERVICE" />
249-->[com.evernote:android-job:1.4.2] AndroidManifest.xml:20:13-69
250        <service
250-->[com.evernote:android-job:1.4.2] AndroidManifest.xml:21:9-24:72
251            android:name="com.evernote.android.job.v14.PlatformAlarmService"
251-->[com.evernote:android-job:1.4.2] AndroidManifest.xml:22:13-77
252            android:exported="false"
252-->[com.evernote:android-job:1.4.2] AndroidManifest.xml:23:13-37
253            android:permission="android.permission.BIND_JOB_SERVICE" />
253-->[com.evernote:android-job:1.4.2] AndroidManifest.xml:24:13-69
254        <service
254-->[com.evernote:android-job:1.4.2] AndroidManifest.xml:25:9-27:40
255            android:name="com.evernote.android.job.v14.PlatformAlarmServiceExact"
255-->[com.evernote:android-job:1.4.2] AndroidManifest.xml:26:13-82
256            android:exported="false" />
256-->[com.evernote:android-job:1.4.2] AndroidManifest.xml:27:13-37
257
258        <receiver
258-->[com.evernote:android-job:1.4.2] AndroidManifest.xml:29:9-38:20
259            android:name="com.evernote.android.job.v14.PlatformAlarmReceiver"
259-->[com.evernote:android-job:1.4.2] AndroidManifest.xml:30:13-78
260            android:exported="false" >
260-->[com.evernote:android-job:1.4.2] AndroidManifest.xml:31:13-37
261            <intent-filter>
261-->[com.evernote:android-job:1.4.2] AndroidManifest.xml:32:13-37:29
262
263                <!-- Keep the filter for legacy intents -->
264                <action android:name="com.evernote.android.job.v14.RUN_JOB" />
264-->[com.evernote:android-job:1.4.2] AndroidManifest.xml:35:17-79
264-->[com.evernote:android-job:1.4.2] AndroidManifest.xml:35:25-76
265                <action android:name="net.vrallev.android.job.v14.RUN_JOB" />
265-->[com.evernote:android-job:1.4.2] AndroidManifest.xml:36:17-78
265-->[com.evernote:android-job:1.4.2] AndroidManifest.xml:36:25-75
266            </intent-filter>
267        </receiver>
268        <receiver
268-->[com.evernote:android-job:1.4.2] AndroidManifest.xml:39:9-48:20
269            android:name="com.evernote.android.job.JobBootReceiver"
269-->[com.evernote:android-job:1.4.2] AndroidManifest.xml:40:13-68
270            android:exported="false" >
270-->[com.evernote:android-job:1.4.2] AndroidManifest.xml:41:13-37
271            <intent-filter>
271-->[com.evernote:android-job:1.4.2] AndroidManifest.xml:42:13-47:29
272                <action android:name="android.intent.action.BOOT_COMPLETED" />
272-->[com.evernote:android-job:1.4.2] AndroidManifest.xml:43:17-79
272-->[com.evernote:android-job:1.4.2] AndroidManifest.xml:43:25-76
273                <action android:name="android.intent.action.QUICKBOOT_POWERON" />
273-->[com.evernote:android-job:1.4.2] AndroidManifest.xml:44:17-82
273-->[com.evernote:android-job:1.4.2] AndroidManifest.xml:44:25-79
274                <action android:name="com.htc.intent.action.QUICKBOOT_POWERON" />
274-->[com.evernote:android-job:1.4.2] AndroidManifest.xml:45:17-82
274-->[com.evernote:android-job:1.4.2] AndroidManifest.xml:45:25-79
275                <action android:name="android.intent.action.MY_PACKAGE_REPLACED" />
275-->[com.evernote:android-job:1.4.2] AndroidManifest.xml:46:17-84
275-->[com.evernote:android-job:1.4.2] AndroidManifest.xml:46:25-81
276            </intent-filter>
277        </receiver>
278
279        <service
279-->[com.evernote:android-job:1.4.2] AndroidManifest.xml:50:9-58:19
280            android:name="com.evernote.android.job.gcm.PlatformGcmService"